[2/12/2019 12:43:15 AM] MainWindow Startup
[2/12/2019 12:48:44 AM] MainWindow Startup
[2/12/2019 12:49:55 AM] MainWindow Startup
[2/12/2019 12:51:14 AM] MainWindow Startup
[2/12/2019 12:59:04 AM] MainWindow Startup
[2/12/2019 1:00:20 AM] MainWindow Startup
[2/12/2019 1:01:19 AM] MainWindow Startup
[2/12/2019 1:01:38 AM] MainWindow Startup
[2/12/2019 1:02:35 AM] MainWindow Startup
[2/12/2019 1:02:55 AM] MainWindow Startup
[2/12/2019 1:03:10 AM] MainWindow Startup
[2/12/2019 1:04:49 AM] MainWindow Startup
[2/12/2019 1:06:42 AM] MainWindow Startup
[2/12/2019 1:07:38 AM] MainWindow Startup
[2/12/2019 1:08:13 AM] MainWindow Startup
[2/12/2019 1:14:43 AM] MainWindow Startup
[2/12/2019 1:49:04 AM] MainWindow Startup
[2/12/2019 2:09:27 AM] MainWindow Startup
[2/12/2019 2:12:49 AM] MainWindow Startup
[2/12/2019 2:13:12 AM] MainWindow Startup
[2/12/2019 2:15:45 AM] MainWindow Startup
[2/12/2019 2:16:28 AM] MainWindow Startup
[2/12/2019 2:26:14 AM] MainWindow Startup
[2/12/2019 11:23:15 AM] MainWindow Startup
[2/12/2019 11:26:58 AM] MainWindow Startup
[2/12/2019 11:28:25 AM] MainWindow Startup
[2/12/2019 11:28:48 AM] MainWindow Startup
[2/12/2019 11:32:35 AM] MainWindow Startup
[2/12/2019 11:32:50 AM] MainWindow Startup
[2/12/2019 11:35:46 AM] MainWindow Startup
[2/12/2019 11:36:43 AM] MainWindow Startup
[2/12/2019 11:39:51 AM] MainWindow Startup
[2/12/2019 11:41:03 AM] MainWindow Startup
[2/12/2019 11:59:14 AM] MainWindow Startup
[2/12/2019 12:00:51 PM] MainWindow Startup
[2/12/2019 12:14:04 PM] MainWindow Startup
[2/12/2019 12:27:12 PM] MainWindow Startup
[2/12/2019 12:28:47 PM] MainWindow Startup
[2/12/2019 12:30:03 PM] MainWindow Startup
[2/12/2019 12:33:52 PM] MainWindow Startup
[2/12/2019 12:38:13 PM] MainWindow Startup
[2/12/2019 1:04:52 PM] MainWindow Startup
[2/12/2019 1:22:30 PM] MainWindow Startup
[2/12/2019 1:23:39 PM] MainWindow Startup
[2/12/2019 1:38:38 PM] MainWindow Startup
[2/12/2019 1:38:58 PM] MainWindow Startup
[2/12/2019 1:40:49 PM] MainWindow Startup
[2/12/2019 1:41:37 PM] MainWindow Startup
[2/12/2019 1:41:52 PM] MainWindow Startup
[2/12/2019 1:42:09 PM] MainWindow Startup
[2/12/2019 1:42:24 PM] MainWindow Startup
[2/12/2019 1:42:42 PM] MainWindow Startup
[2/12/2019 2:05:12 PM] MainWindow Startup
[2/12/2019 2:05:52 PM] MainWindow Startup
[2/12/2019 2:06:47 PM] MainWindow Startup
[2/12/2019 2:44:12 PM] MainWindow Startup
[2/12/2019 2:44:50 PM] MainWindow Startup
[2/12/2019 2:48:00 PM] MainWindow Startup
[2/12/2019 4:35:38 PM] MainWindow Startup
[2/12/2019 4:39:00 PM] MainWindow Startup
[2/12/2019 9:09:13 PM] MainWindow Startup
[2/12/2019 9:43:22 PM] MainWindow Startup
[2/12/2019 9:44:01 PM] MainWindow Startup
[2/12/2019 9:44:22 PM] MainWindow Startup
[2/12/2019 9:50:00 PM] MainWindow Startup
[2/12/2019 9:51:08 PM] MainWindow Startup
[2/12/2019 9:52:08 PM] MainWindow Startup
[2/12/2019 9:52:34 PM] MainWindow Startup
[2/12/2019 9:54:12 PM] MainWindow Startup
[2/12/2019 10:40:03 PM] MainWindow Startup
[2/12/2019 10:42:26 PM] MainWindow Startup
[2/12/2019 10:42:30 PM] ComponentsMenu Startup
[2/12/2019 10:42:35 PM] aboutDW Startup
[2/12/2019 10:42:37 PM] aboutProgLang Startup
[2/12/2019 10:46:03 PM] MainWindow Startup
[2/12/2019 10:46:04 PM] ComponentsMenu Startup
[2/12/2019 10:50:01 PM] MainWindow Startup
[2/12/2019 10:50:02 PM] ComponentsMenu Startup
[2/12/2019 10:50:02 PM] SQLiteError: $SQL logic error
no such table: ComponentsInfo $   в System.Data.SQLite.SQLite3.Prepare(SQLiteConnection cnn, String strSql, SQLiteStatement previous, UInt32 timeoutMS, String& strRemain)
   в System.Data.SQLite.SQLiteCommand.BuildNextCommand()
   в System.Data.SQLite.SQLiteCommand.GetStatement(Int32 index)
   в System.Data.SQLite.SQLiteDataReader.NextResult()
   в System.Data.SQLite.SQLiteDataReader..ctor(SQLiteCommand cmd, CommandBehavior behave)
   в System.Data.SQLite.SQLiteCommand.ExecuteReader(CommandBehavior behavior)
   в System.Data.SQLite.SQLiteCommand.ExecuteReader()
   в Kursovoi.Modules.ComponentsInfo.Select() в C:\Users\M1N\Documents\Visual Studio 2017\Projects\Kursovoi\Kursovoi\Modules\ComponentsInfo.cs:строка 42 Startup
[2/12/2019 10:53:58 PM] MainWindow Startup
[2/12/2019 10:54:00 PM] aboutProgLang Startup
[2/12/2019 10:54:00 PM] SQLiteError: $SQL logic error
no such table: ProgrammingLanguage $   в System.Data.SQLite.SQLite3.Prepare(SQLiteConnection cnn, String strSql, SQLiteStatement previous, UInt32 timeoutMS, String& strRemain)
   в System.Data.SQLite.SQLiteCommand.BuildNextCommand()
   в System.Data.SQLite.SQLiteCommand.GetStatement(Int32 index)
   в System.Data.SQLite.SQLiteDataReader.NextResult()
   в System.Data.SQLite.SQLiteDataReader..ctor(SQLiteCommand cmd, CommandBehavior behave)
   в System.Data.SQLite.SQLiteCommand.ExecuteReader(CommandBehavior behavior)
   в System.Data.SQLite.SQLiteCommand.ExecuteReader()
   в Kursovoi.Modules.ComponentsInfo.Select(String tbl) в C:\Users\M1N\Documents\Visual Studio 2017\Projects\Kursovoi\Kursovoi\Modules\ComponentsInfo.cs:строка 78 Startup
[2/12/2019 10:54:17 PM] MainWindow Startup
[2/12/2019 10:54:19 PM] aboutProgLang Startup
[2/12/2019 11:01:58 PM] MainWindow Startup
[2/12/2019 11:02:00 PM] aboutProgLang Startup
[2/12/2019 11:07:49 PM] aboutProgLang Startup
[2/12/2019 11:08:17 PM] ComponentsMenu Startup
[2/12/2019 11:25:15 PM] MainWindow Startup
[2/12/2019 11:25:16 PM] ComponentsMenu Startup
[2/12/2019 11:25:32 PM] aboutProgLang Startup
[2/12/2019 11:26:28 PM] aboutDW Startup
[2/12/2019 11:40:12 PM] MainWindow Startup
[2/12/2019 11:40:13 PM] aboutDW Startup
[2/12/2019 11:40:16 PM] ComponentsMenu Startup
[2/12/2019 11:40:31 PM] aboutProgLang Startup
